<?xml version="1.0" encoding="UTF-8"?>
<!-- Generated by org.testng.reporters.JUnitReportReporter -->
<testsuite hostname="DESKTOP-8TVKRG1" failures="0" tests="1" name="MindPeace.MindPeace.GetAllUrlsOnPage" time="0.970" errors="0" timestamp="2024-03-27T21:00:42 IST" skipped="0">
  <testcase classname="MindPeace.MindPeace.GetAllUrlsOnPage" name="getAllURLsOnPage" time="0.970"/>
</testsuite> <!-- MindPeace.MindPeace.GetAllUrlsOnPage -->
