<?xml version="1.0" encoding="UTF-8"?>
<!-- Generated by org.testng.reporters.JUnitReportReporter -->
<testsuite hostname="DESKTOP-8TVKRG1" failures="0" tests="1" name="com.ITLearn.testCases.SettingTest" time="54.161" errors="0" timestamp="2024-03-22T13:16:50 IST" skipped="0">
  <testcase classname="com.ITLearn.testCases.SettingTest" name="verifyUpdadteAndRemoveAvatar" time="54.161"/>
</testsuite> <!-- com.ITLearn.testCases.SettingTest -->
