<?xml version="1.0" encoding="UTF-8"?>
<!-- Generated by org.testng.reporters.JUnitReportReporter -->
<testsuite hostname="DESKTOP-8TVKRG1" failures="0" tests="1" name="com.ITLearn.testCases.LoginTest" time="16.400" errors="0" timestamp="2024-03-21T19:29:59 IST" skipped="0">
  <testcase classname="com.ITLearn.testCases.LoginTest" name="verifyLogin" time="16.400"/>
</testsuite> <!-- com.ITLearn.testCases.LoginTest -->
