<?xml version="1.0" encoding="UTF-8"?>
<!-- Generated by org.testng.reporters.JUnitReportReporter -->
<testsuite hostname="DESKTOP-8TVKRG1" failures="0" tests="2" name="com.ITLearn.testCases.SearchTest" time="22.263" errors="0" timestamp="2024-03-25T11:51:04 IST" skipped="0">
  <testcase classname="com.ITLearn.testCases.SearchTest" name="verifySearchTestCourse" time="22.066"/>
  <testcase classname="com.ITLearn.testCases.SearchTest" name="verifyGet_url_courseResult" time="0.197"/>
</testsuite> <!-- com.ITLearn.testCases.SearchTest -->
