<?xml version="1.0" encoding="UTF-8"?>
<!-- Generated by org.testng.reporters.JUnitReportReporter -->
<testsuite hostname="DESKTOP-8TVKRG1" failures="0" tests="1" name="com.ITLearn.testCases.PaymentTest" time="42.333" errors="0" timestamp="2024-03-26T19:09:27 IST" skipped="0">
  <testcase classname="com.ITLearn.testCases.PaymentTest" name="VerifyByEnteringInvalidCardNumber" time="42.333"/>
</testsuite> <!-- com.ITLearn.testCases.PaymentTest -->
