<?xml version="1.0" encoding="UTF-8"?>
<!-- Generated by org.testng.reporters.JUnitReportReporter -->
<testsuite hostname="DESKTOP-8TVKRG1" failures="0" tests="1" name="com.ITLearn.testCases.TestCaseDemo" time="0.008" errors="0" timestamp="2024-03-21T18:48:04 IST" skipped="0">
  <testcase classname="com.ITLearn.testCases.TestCaseDemo" name="testCheck" time="0.008"/>
</testsuite> <!-- com.ITLearn.testCases.TestCaseDemo -->
