<?xml version="1.0" encoding="UTF-8"?>
<!-- Generated by org.testng.reporters.JUnitReportReporter -->
<testsuite hostname="DESKTOP-8TVKRG1" failures="0" tests="1" name="com.ITLearn.testCases.ChangePaymentMethodTest" time="42.320" errors="0" timestamp="2024-03-22T14:28:27 IST" skipped="0">
  <testcase classname="com.ITLearn.testCases.ChangePaymentMethodTest" name="verify_ChangeCardDetailsAndCancel" time="42.320"/>
</testsuite> <!-- com.ITLearn.testCases.ChangePaymentMethodTest -->
