<?xml version="1.0" encoding="UTF-8"?>
<!-- Generated by org.testng.reporters.JUnitReportReporter -->
<testsuite hostname="DESKTOP-8TVKRG1" failures="0" tests="1" name="com.ITLearn.testCases.DashboardTest" time="26.855" errors="0" timestamp="2024-05-09T17:57:07 IST" skipped="0">
  <testcase classname="com.ITLearn.testCases.DashboardTest" name="verifyDashboard" time="26.855"/>
</testsuite> <!-- com.ITLearn.testCases.DashboardTest -->
